<?xml version="1.0" encoding="UTF-8"?>
<!-- Generated by org.testng.reporters.JUnitReportReporter -->
<testsuite hostname="DESKTOP-MQHSLN6" failures="0" tests="2" name="RiteshShadija.Tests.ErrorValidationsTest" time="20.155" errors="0" timestamp="2025-06-07T17:30:58 IST" skipped="0">
  <testcase classname="RiteshShadija.Tests.ErrorValidationsTest" name="productErrorValidation" time="12.665"/>
  <testcase classname="RiteshShadija.Tests.ErrorValidationsTest" name="loginErrorValidation" time="7.490"/>
</testsuite> <!-- RiteshShadija.Tests.ErrorValidationsTest -->
