<?xml version="1.0" encoding="UTF-8"?>
<!-- Generated by org.testng.reporters.JUnitReportReporter -->
<testsuite hostname="DESKTOP-MQHSLN6" failures="0" tests="2" name="RiteshShadija.Tests.SubmitOrderTest" time="19.904" errors="0" timestamp="2025-04-20T17:22:30 IST" skipped="0">
  <testcase classname="RiteshShadija.Tests.SubmitOrderTest" name="submitOrder" time="11.306"/>
  <testcase classname="RiteshShadija.Tests.SubmitOrderTest" name="submitOrder" time="8.598"/>
</testsuite> <!-- RiteshShadija.Tests.SubmitOrderTest -->
